[Sun Nov 24 23:40:46 2019] [::1]:35146 [200]: /vendor/laravel-admin/AdminLTE/bootstrap/css/bootstrap.min.css
[Sun Nov 24 23:40:46 2019] [::1]:35148 [200]: /vendor/laravel-admin/font-awesome/css/font-awesome.min.css
[Sun Nov 24 23:40:46 2019] [::1]:35150 [200]: /vendor/laravel-admin/AdminLTE/dist/css/AdminLTE.min.css
[Sun Nov 24 23:40:46 2019] [::1]:35154 [200]: /vendor/laravel-admin/AdminLTE/plugins/iCheck/square/blue.css
[Sun Nov 24 23:40:46 2019] [::1]:35156 [200]: /vendor/laravel-admin/AdminLTE/bootstrap/js/bootstrap.min.js
[Sun Nov 24 23:40:46 2019] [::1]:35158 [200]: /vendor/laravel-admin/AdminLTE/plugins/jQuery/jQuery-2.1.4.min.js
[Sun Nov 24 23:40:46 2019] [::1]:35160 [200]: /vendor/laravel-admin/AdminLTE/plugins/iCheck/icheck.min.js
[Sun Nov 24 23:40:46 2019] [::1]:35162 [200]: /vendor/laravel-admin/AdminLTE/plugins/iCheck/square/blue.png
[Sun Nov 24 23:40:46 2019] [::1]:35164 [200]: /vendor/laravel-admin/AdminLTE/bootstrap/fonts/glyphicons-halflings-regular.woff2
[Sun Nov 24 23:40:51 2019] [::1]:35182 [200]: /vendor/laravel-admin/AdminLTE/plugins/iCheck/all.css
[Sun Nov 24 23:40:51 2019] [::1]:35186 [200]: /vendor/laravel-admin/AdminLTE/plugins/colorpicker/bootstrap-colorpicker.min.css
[Sun Nov 24 23:40:51 2019] [::1]:35188 [200]: /vendor/laravel-admin/eonasdan-bootstrap-datetimepicker/build/css/bootstrap-datetimepicker.min.css
[Sun Nov 24 23:40:51 2019] [::1]:35190 [200]: /vendor/laravel-admin/bootstrap-fileinput/css/fileinput.min.css?v=4.5.2
[Sun Nov 24 23:40:51 2019] [::1]:35194 [200]: /vendor/laravel-admin/AdminLTE/plugins/select2/select2.min.css
[Sun Nov 24 23:40:51 2019] [::1]:35196 [200]: /vendor/laravel-admin/AdminLTE/plugins/ionslider/ion.rangeSlider.css
[Sun Nov 24 23:40:51 2019] [::1]:35198 [200]: /vendor/laravel-admin/AdminLTE/plugins/ionslider/ion.rangeSlider.skinNice.css
[Sun Nov 24 23:40:51 2019] [::1]:35200 [200]: /vendor/laravel-admin/bootstrap-switch/dist/css/bootstrap3/bootstrap-switch.min.css
[Sun Nov 24 23:40:51 2019] [::1]:35202 [200]: /vendor/laravel-admin/fontawesome-iconpicker/dist/css/fontawesome-iconpicker.min.css
[Sun Nov 24 23:40:51 2019] [::1]:35204 [200]: /vendor/laravel-admin/AdminLTE/dist/css/skins/skin-blue-light.min.css
[Sun Nov 24 23:40:51 2019] [::1]:35206 [200]: /vendor/laravel-admin/bootstrap-duallistbox/dist/bootstrap-duallistbox.min.css
[Sun Nov 24 23:40:51 2019] [::1]:35208 [200]: /vendor/laravel-admin/font-awesome/css/font-awesome.min.css
[Sun Nov 24 23:40:51 2019] [::1]:35210 [200]: /vendor/laravel-admin/AdminLTE/bootstrap/css/bootstrap.min.css
[Sun Nov 24 23:40:51 2019] [::1]:35212 [200]: /vendor/laravel-admin/laravel-admin/laravel-admin.css
[Sun Nov 24 23:40:51 2019] [::1]:35214 [200]: /vendor/laravel-admin/nprogress/nprogress.css
[Sun Nov 24 23:40:51 2019] [::1]:35218 [200]: /vendor/laravel-admin/sweetalert2/dist/sweetalert2.css
[Sun Nov 24 23:40:51 2019] [::1]:35216 [200]: /vendor/laravel-admin/nestable/nestable.css
[Sun Nov 24 23:40:51 2019] [::1]:35222 [200]: /vendor/laravel-admin/bootstrap3-editable/css/bootstrap-editable.css
[Sun Nov 24 23:40:51 2019] [::1]:35220 [200]: /vendor/laravel-admin/toastr/build/toastr.min.css
[Sun Nov 24 23:40:51 2019] [::1]:35224 [200]: /vendor/laravel-admin/google-fonts/fonts.css
[Sun Nov 24 23:40:51 2019] [::1]:35226 [200]: /vendor/laravel-admin/AdminLTE/dist/css/AdminLTE.min.css
[Sun Nov 24 23:40:51 2019] [::1]:35228 [200]: /vendor/laravel-admin/AdminLTE/plugins/iCheck/minimal/_all.css
[Sun Nov 24 23:40:51 2019] [::1]:35230 [200]: /vendor/laravel-admin/AdminLTE/plugins/iCheck/square/_all.css
[Sun Nov 24 23:40:51 2019] [::1]:35232 [200]: /vendor/laravel-admin/AdminLTE/plugins/iCheck/flat/_all.css
[Sun Nov 24 23:40:51 2019] [::1]:35234 [200]: /vendor/laravel-admin/AdminLTE/plugins/iCheck/line/_all.css
[Sun Nov 24 23:40:51 2019] [::1]:35236 [200]: /vendor/laravel-admin/AdminLTE/plugins/iCheck/polaris/polaris.css
[Sun Nov 24 23:40:51 2019] [::1]:35238 [200]: /vendor/laravel-admin/AdminLTE/plugins/iCheck/futurico/futurico.css
[Sun Nov 24 23:40:51 2019] [::1]:35240 [200]: /vendor/laravel-admin/AdminLTE/plugins/jQuery/jQuery-2.1.4.min.js
[Sun Nov 24 23:40:51 2019] [::1]:35242 [200]: /vendor/laravel-admin/AdminLTE/bootstrap/js/bootstrap.min.js
[Sun Nov 24 23:40:51 2019] [::1]:35244 [200]: /vendor/laravel-admin/AdminLTE/plugins/slimScroll/jquery.slimscroll.min.js
[Sun Nov 24 23:40:51 2019] [::1]:35246 [200]: /vendor/laravel-admin/AdminLTE/dist/js/app.min.js
[Sun Nov 24 23:40:51 2019] [::1]:35248 [200]: /vendor/laravel-admin/jquery-pjax/jquery.pjax.js
[Sun Nov 24 23:40:51 2019] [::1]:35250 [200]: /vendor/laravel-admin/nprogress/nprogress.js
[Sun Nov 24 23:40:51 2019] [::1]:35252 [200]: /vendor/laravel-admin/nestable/jquery.nestable.js
[Sun Nov 24 23:40:51 2019] [::1]:35253 [200]: /vendor/laravel-admin/toastr/build/toastr.min.js
[Sun Nov 24 23:40:51 2019] [::1]:35256 [200]: /vendor/laravel-admin/bootstrap3-editable/js/bootstrap-editable.min.js
[Sun Nov 24 23:40:51 2019] [::1]:35258 [200]: /vendor/laravel-admin/sweetalert2/dist/sweetalert2.min.js
[Sun Nov 24 23:40:51 2019] [::1]:35260 [200]: /vendor/laravel-admin/laravel-admin/laravel-admin.js
[Sun Nov 24 23:40:51 2019] [::1]:35262 [200]: /vendor/laravel-admin/AdminLTE/plugins/iCheck/icheck.min.js
[Sun Nov 24 23:40:51 2019] [::1]:35264 [200]: /vendor/laravel-admin/AdminLTE/plugins/colorpicker/bootstrap-colorpicker.min.js
[Sun Nov 24 23:40:51 2019] [::1]:35266 [200]: /vendor/laravel-admin/AdminLTE/plugins/input-mask/jquery.inputmask.bundle.min.js
[Sun Nov 24 23:40:51 2019] [::1]:35268 [200]: /vendor/laravel-admin/moment/min/moment-with-locales.min.js
[Sun Nov 24 23:40:51 2019] [::1]:35270 [200]: /vendor/laravel-admin/bootstrap-fileinput/js/plugins/canvas-to-blob.min.js
[Sun Nov 24 23:40:51 2019] [::1]:35272 [200]: /vendor/laravel-admin/eonasdan-bootstrap-datetimepicker/build/js/bootstrap-datetimepicker.min.js
[Sun Nov 24 23:40:51 2019] [::1]:35274 [200]: /vendor/laravel-admin/bootstrap-fileinput/js/fileinput.min.js?v=4.5.2
[Sun Nov 24 23:40:51 2019] [::1]:35276 [200]: /vendor/laravel-admin/AdminLTE/plugins/select2/select2.full.min.js
[Sun Nov 24 23:40:51 2019] [::1]:35278 [200]: /vendor/laravel-admin/font-awesome/fonts/fontawesome-webfont.woff2?v=4.7.0
[Sun Nov 24 23:40:51 2019] [::1]:35280 [200]: /vendor/laravel-admin/number-input/bootstrap-number-input.js
[Sun Nov 24 23:40:51 2019] [::1]:35282 [200]: /vendor/laravel-admin/AdminLTE/plugins/ionslider/ion.rangeSlider.min.js
[Sun Nov 24 23:40:51 2019] [::1]:35284 [200]: /vendor/laravel-admin/bootstrap-switch/dist/js/bootstrap-switch.min.js
[Sun Nov 24 23:40:51 2019] [::1]:35286 [200]: /vendor/laravel-admin/fontawesome-iconpicker/dist/js/fontawesome-iconpicker.min.js
[Sun Nov 24 23:40:51 2019] [::1]:35288 [200]: /vendor/laravel-admin/bootstrap-fileinput/js/plugins/sortable.min.js?v=4.5.2
[Sun Nov 24 23:40:51 2019] [::1]:35290 [200]: /vendor/laravel-admin/bootstrap-duallistbox/dist/jquery.bootstrap-duallistbox.min.js
[Sun Nov 24 23:42:41 2019] [::1]:35476 [200]: /vendor/laravel-admin/AdminLTE/bootstrap/css/bootstrap.min.css
[Sun Nov 24 23:42:41 2019] [::1]:35480 [200]: /vendor/laravel-admin/font-awesome/css/font-awesome.min.css
[Sun Nov 24 23:42:41 2019] [::1]:35483 [200]: /vendor/laravel-admin/AdminLTE/plugins/iCheck/square/blue.css
[Sun Nov 24 23:42:41 2019] [::1]:35482 [200]: /vendor/laravel-admin/AdminLTE/dist/css/AdminLTE.min.css
[Sun Nov 24 23:42:41 2019] [::1]:35486 [200]: /vendor/laravel-admin/AdminLTE/plugins/jQuery/jQuery-2.1.4.min.js
[Sun Nov 24 23:42:41 2019] [::1]:35488 [200]: /vendor/laravel-admin/AdminLTE/bootstrap/js/bootstrap.min.js
[Sun Nov 24 23:42:41 2019] [::1]:35492 [200]: /vendor/laravel-admin/AdminLTE/plugins/iCheck/icheck.min.js
[Sun Nov 24 23:42:42 2019] [::1]:35494 [200]: /vendor/laravel-admin/AdminLTE/plugins/iCheck/square/blue.png
[Sun Nov 24 23:42:42 2019] [::1]:35496 [200]: /vendor/laravel-admin/AdminLTE/bootstrap/fonts/glyphicons-halflings-regular.woff2
[Sun Nov 24 23:42:45 2019] [::1]:35506 [200]: /vendor/laravel-admin/AdminLTE/plugins/iCheck/all.css
[Sun Nov 24 23:42:45 2019] [::1]:35508 [200]: /vendor/laravel-admin/AdminLTE/plugins/colorpicker/bootstrap-colorpicker.min.css
[Sun Nov 24 23:42:45 2019] [::1]:35510 [200]: /vendor/laravel-admin/eonasdan-bootstrap-datetimepicker/build/css/bootstrap-datetimepicker.min.css
[Sun Nov 24 23:42:45 2019] [::1]:35512 [200]: /vendor/laravel-admin/bootstrap-fileinput/css/fileinput.min.css?v=4.5.2
[Sun Nov 24 23:42:45 2019] [::1]:35514 [200]: /vendor/laravel-admin/AdminLTE/plugins/select2/select2.min.css
[Sun Nov 24 23:42:45 2019] [::1]:35516 [200]: /vendor/laravel-admin/AdminLTE/plugins/ionslider/ion.rangeSlider.css
[Sun Nov 24 23:42:45 2019] [::1]:35518 [200]: /vendor/laravel-admin/AdminLTE/plugins/ionslider/ion.rangeSlider.skinNice.css
[Sun Nov 24 23:42:45 2019] [::1]:35522 [200]: /vendor/laravel-admin/bootstrap-switch/dist/css/bootstrap3/bootstrap-switch.min.css
[Sun Nov 24 23:42:45 2019] [::1]:35526 [200]: /vendor/laravel-admin/fontawesome-iconpicker/dist/css/fontawesome-iconpicker.min.css
[Sun Nov 24 23:42:45 2019] [::1]:35528 [200]: /vendor/laravel-admin/bootstrap-duallistbox/dist/bootstrap-duallistbox.min.css
[Sun Nov 24 23:42:45 2019] [::1]:35530 [200]: /vendor/laravel-admin/AdminLTE/bootstrap/css/bootstrap.min.css
[Sun Nov 24 23:42:45 2019] [::1]:35532 [200]: /vendor/laravel-admin/AdminLTE/dist/css/skins/skin-blue-light.min.css
[Sun Nov 24 23:42:45 2019] [::1]:35534 [200]: /vendor/laravel-admin/font-awesome/css/font-awesome.min.css
[Sun Nov 24 23:42:45 2019] [::1]:35536 [200]: /vendor/laravel-admin/laravel-admin/laravel-admin.css
[Sun Nov 24 23:42:45 2019] [::1]:35538 [200]: /vendor/laravel-admin/nprogress/nprogress.css
[Sun Nov 24 23:42:45 2019] [::1]:35540 [200]: /vendor/laravel-admin/toastr/build/toastr.min.css
[Sun Nov 24 23:42:45 2019] [::1]:35542 [200]: /vendor/laravel-admin/sweetalert2/dist/sweetalert2.css
[Sun Nov 24 23:42:45 2019] [::1]:35544 [200]: /vendor/laravel-admin/nestable/nestable.css
[Sun Nov 24 23:42:45 2019] [::1]:35546 [200]: /vendor/laravel-admin/bootstrap3-editable/css/bootstrap-editable.css
[Sun Nov 24 23:42:45 2019] [::1]:35548 [200]: /vendor/laravel-admin/google-fonts/fonts.css
[Sun Nov 24 23:42:45 2019] [::1]:35550 [200]: /vendor/laravel-admin/AdminLTE/dist/css/AdminLTE.min.css
[Sun Nov 24 23:42:45 2019] [::1]:35552 [200]: /vendor/laravel-admin/AdminLTE/plugins/iCheck/minimal/_all.css
[Sun Nov 24 23:42:45 2019] [::1]:35554 [200]: /vendor/laravel-admin/AdminLTE/plugins/iCheck/square/_all.css
[Sun Nov 24 23:42:45 2019] [::1]:35556 [200]: /vendor/laravel-admin/AdminLTE/plugins/iCheck/flat/_all.css
[Sun Nov 24 23:42:45 2019] [::1]:35560 [200]: /vendor/laravel-admin/AdminLTE/plugins/iCheck/polaris/polaris.css
[Sun Nov 24 23:42:45 2019] [::1]:35558 [200]: /vendor/laravel-admin/AdminLTE/plugins/iCheck/line/_all.css
[Sun Nov 24 23:42:45 2019] [::1]:35562 [200]: /vendor/laravel-admin/AdminLTE/plugins/iCheck/futurico/futurico.css
[Sun Nov 24 23:42:45 2019] [::1]:35564 [200]: /vendor/laravel-admin/AdminLTE/plugins/jQuery/jQuery-2.1.4.min.js
[Sun Nov 24 23:42:45 2019] [::1]:35566 [200]: /vendor/laravel-admin/AdminLTE/bootstrap/js/bootstrap.min.js
[Sun Nov 24 23:42:45 2019] [::1]:35568 [200]: /vendor/laravel-admin/AdminLTE/plugins/slimScroll/jquery.slimscroll.min.js
[Sun Nov 24 23:42:45 2019] [::1]:35570 [200]: /vendor/laravel-admin/AdminLTE/dist/js/app.min.js
[Sun Nov 24 23:42:45 2019] [::1]:35572 [200]: /vendor/laravel-admin/jquery-pjax/jquery.pjax.js
[Sun Nov 24 23:42:45 2019] [::1]:35574 [200]: /vendor/laravel-admin/nprogress/nprogress.js
[Sun Nov 24 23:42:45 2019] [::1]:35576 [200]: /vendor/laravel-admin/nestable/jquery.nestable.js
[Sun Nov 24 23:42:45 2019] [::1]:35578 [200]: /vendor/laravel-admin/toastr/build/toastr.min.js
[Sun Nov 24 23:42:45 2019] [::1]:35580 [200]: /vendor/laravel-admin/bootstrap3-editable/js/bootstrap-editable.min.js
[Sun Nov 24 23:42:45 2019] [::1]:35582 [200]: /vendor/laravel-admin/sweetalert2/dist/sweetalert2.min.js
[Sun Nov 24 23:42:45 2019] [::1]:35584 [200]: /vendor/laravel-admin/laravel-admin/laravel-admin.js
[Sun Nov 24 23:42:45 2019] [::1]:35586 [200]: /vendor/laravel-admin/AdminLTE/plugins/iCheck/icheck.min.js
[Sun Nov 24 23:42:45 2019] [::1]:35588 [200]: /vendor/laravel-admin/AdminLTE/plugins/colorpicker/bootstrap-colorpicker.min.js
[Sun Nov 24 23:42:45 2019] [::1]:35590 [200]: /vendor/laravel-admin/moment/min/moment-with-locales.min.js
[Sun Nov 24 23:42:45 2019] [::1]:35592 [200]: /vendor/laravel-admin/AdminLTE/plugins/input-mask/jquery.inputmask.bundle.min.js
[Sun Nov 24 23:42:45 2019] [::1]:35594 [200]: /vendor/laravel-admin/eonasdan-bootstrap-datetimepicker/build/js/bootstrap-datetimepicker.min.js
[Sun Nov 24 23:42:45 2019] [::1]:35596 [200]: /vendor/laravel-admin/bootstrap-fileinput/js/fileinput.min.js?v=4.5.2
[Sun Nov 24 23:42:45 2019] [::1]:35598 [200]: /vendor/laravel-admin/bootstrap-fileinput/js/plugins/canvas-to-blob.min.js
[Sun Nov 24 23:42:45 2019] [::1]:35600 [200]: /vendor/laravel-admin/AdminLTE/plugins/select2/select2.full.min.js
[Sun Nov 24 23:42:45 2019] [::1]:35602 [200]: /vendor/laravel-admin/font-awesome/fonts/fontawesome-webfont.woff2?v=4.7.0
[Sun Nov 24 23:42:45 2019] [::1]:35604 [200]: /vendor/laravel-admin/number-input/bootstrap-number-input.js
[Sun Nov 24 23:42:45 2019] [::1]:35606 [200]: /vendor/laravel-admin/AdminLTE/plugins/ionslider/ion.rangeSlider.min.js
[Sun Nov 24 23:42:45 2019] [::1]:35608 [200]: /vendor/laravel-admin/bootstrap-switch/dist/js/bootstrap-switch.min.js
[Sun Nov 24 23:42:45 2019] [::1]:35610 [200]: /vendor/laravel-admin/fontawesome-iconpicker/dist/js/fontawesome-iconpicker.min.js
[Sun Nov 24 23:42:45 2019] [::1]:35612 [200]: /vendor/laravel-admin/bootstrap-fileinput/js/plugins/sortable.min.js?v=4.5.2
[Sun Nov 24 23:42:45 2019] [::1]:35614 [200]: /vendor/laravel-admin/bootstrap-duallistbox/dist/jquery.bootstrap-duallistbox.min.js
